<?xml version="1.0" encoding="UTF-8"?>
<!-- Generated by org.testng.reporters.JUnitReportReporter -->
<testsuite hostname="metins-MacBook.local" failures="0" tests="1" name="com.syntax.class99HW.NewTest" time="0.022" errors="0" timestamp="2020-08-29T10:15:24 EDT" skipped="0">
  <testcase classname="com.syntax.class99HW.NewTest" name="f" time="0.022"/>
  <system-out/>
</testsuite> <!-- com.syntax.class99HW.NewTest -->
